{
  "RSpec": {
    "coverage": {
      "/Users/rikimontgomery/Desktop/marios_speciality_food_products/spec/features/add_product_pages_spec.rb": [
        1,
        null,
        1,
        1,
        1,
        1,
        1,
        1,
        1,
        1,
        1,
        null,
        null,
        1,
        1,
        1,
        1,
        null,
        null
      ],
      "/Users/rikimontgomery/Desktop/marios_speciality_food_products/spec/rails_helper.rb": [
        null,
        1,
        1,
        1,
        null,
        1,
        1,
        1,
        1,
        1,
        null,
        null,
        null,
        null,
        null,
        null,
        null,
        null,
        null,
        null,
        null,
        null,
        null,
        null,
        null,
        null,
        null,
        null,
        null,
        1,
        null,
        1,
        null,
        1,
        null,
        null,
        null,
        null,
        1,
        null,
        null,
        null,
        null,
        null,
        null,
        null,
        null,
        null,
        null,
        null,
        null,
        null,
        null,
        1,
        null,
        null,
        1,
        null,
        null,
        null,
        null,
        1,
        1,
        1,
        1,
        null,
        null
      ],
      "/Users/rikimontgomery/Desktop/marios_speciality_food_products/config/environment.rb": [
        null,
        1,
        null,
        null,
        1
      ],
      "/Users/rikimontgomery/Desktop/marios_speciality_food_products/config/application.rb": [
        1,
        null,
        1,
        null,
        1,
        1,
        1,
        1,
        1,
        1,
        1,
        1,
        null,
        null,
        null,
        null,
        1,
        null,
        1,
        1,
        null,
        1,
        null,
        null,
        null,
        null,
        null,
        null,
        1,
        null,
        null
      ],
      "/Users/rikimontgomery/Desktop/marios_speciality_food_products/config/boot.rb": [
        1,
        null,
        1
      ],
      "/Users/rikimontgomery/Desktop/marios_speciality_food_products/config/environments/test.rb": [
        1,
        null,
        null,
        null,
        null,
        null,
        null,
        1,
        null,
        null,
        null,
        null,
        1,
        null,
        null,
        1,
        1,
        null,
        null,
        null,
        null,
        1,
        1,
        null,
        null,
        1,
        null,
        null,
        1,
        1,
        null,
        null,
        null,
        null,
        1,
        null,
        null,
        1,
        null,
        null,
        null,
        null
      ],
      "/Users/rikimontgomery/Desktop/marios_speciality_food_products/config/initializers/application_controller_renderer.rb": [
        null,
        null,
        null,
        null,
        null,
        null,
        null,
        null
      ],
      "/Users/rikimontgomery/Desktop/marios_speciality_food_products/config/initializers/assets.rb": [
        null,
        null,
        null,
        1,
        null,
        null,
        null,
        null,
        1,
        null,
        null,
        null,
        null,
        null
      ],
      "/Users/rikimontgomery/Desktop/marios_speciality_food_products/config/initializers/backtrace_silencers.rb": [
        null,
        null,
        null,
        null,
        null,
        null,
        null
      ],
      "/Users/rikimontgomery/Desktop/marios_speciality_food_products/config/initializers/cookies_serializer.rb": [
        null,
        null,
        null,
        null,
        1
      ],
      "/Users/rikimontgomery/Desktop/marios_speciality_food_products/config/initializers/filter_parameter_logging.rb": [
        null,
        null,
        null,
        1
      ],
      "/Users/rikimontgomery/Desktop/marios_speciality_food_products/config/initializers/inflections.rb": [
        null,
        null,
        null,
        null,
        null,
        null,
        null,
        null,
        null,
        null,
        null,
        null,
        null,
        null,
        null,
        null
      ],
      "/Users/rikimontgomery/Desktop/marios_speciality_food_products/config/initializers/mime_types.rb": [
        null,
        null,
        null,
        null
      ],
      "/Users/rikimontgomery/Desktop/marios_speciality_food_products/config/initializers/wrap_parameters.rb": [
        null,
        null,
        null,
        null,
        null,
        null,
        1,
        2,
        null,
        null,
        null,
        null,
        null,
        null
      ],
      "/Users/rikimontgomery/Desktop/marios_speciality_food_products/app/channels/application_cable/channel.rb": [
        1,
        1,
        null,
        null
      ],
      "/Users/rikimontgomery/Desktop/marios_speciality_food_products/app/channels/application_cable/connection.rb": [
        1,
        1,
        null,
        null
      ],
      "/Users/rikimontgomery/Desktop/marios_speciality_food_products/app/controllers/application_controller.rb": [
        1,
        1,
        null
      ],
      "/Users/rikimontgomery/Desktop/marios_speciality_food_products/app/helpers/application_helper.rb": [
        1,
        null
      ],
      "/Users/rikimontgomery/Desktop/marios_speciality_food_products/app/controllers/products_controller.rb": [
        1,
        1,
        4,
        null,
        null,
        1,
        11,
        null,
        null,
        1,
        2,
        null,
        null,
        1,
        2,
        2,
        1,
        1,
        null,
        1,
        null,
        null,
        null,
        1,
        2,
        null,
        null,
        1,
        2,
        2,
        1,
        null,
        1,
        null,
        null,
        null,
        1,
        1,
        1,
        1,
        1,
        null,
        null,
        null,
        1,
        1,
        4,
        null,
        null
      ],
      "/Users/rikimontgomery/Desktop/marios_speciality_food_products/app/controllers/reviews_controller.rb": [
        1,
        1,
        2,
        2,
        null,
        null,
        1,
        2,
        2,
        2,
        1,
        1,
        null,
        1,
        null,
        null,
        null,
        1,
        2,
        2,
        null,
        null,
        1,
        2,
        2,
        2,
        1,
        null,
        1,
        null,
        null,
        null,
        1,
        1,
        1,
        1,
        1,
        1,
        null,
        null,
        null,
        null,
        1,
        1,
        4,
        null,
        null
      ],
      "/Users/rikimontgomery/Desktop/marios_speciality_food_products/app/jobs/application_job.rb": [
        1,
        null
      ],
      "/Users/rikimontgomery/Desktop/marios_speciality_food_products/app/mailers/application_mailer.rb": [
        1,
        1,
        1,
        null
      ],
      "/Users/rikimontgomery/Desktop/marios_speciality_food_products/app/models/application_record.rb": [
        1,
        1,
        null
      ],
      "/Users/rikimontgomery/Desktop/marios_speciality_food_products/app/models/product.rb": [
        1,
        1,
        null,
        1,
        1,
        1,
        1,
        1,
        null,
        3,
        3,
        null,
        3,
        null
      ],
      "/Users/rikimontgomery/Desktop/marios_speciality_food_products/app/models/review.rb": [
        1,
        1,
        null,
        1,
        1,
        1,
        1,
        1,
        1,
        null,
        null
      ],
      "/Users/rikimontgomery/Desktop/marios_speciality_food_products/spec/factories.rb": [
        null
      ],
      "/Users/rikimontgomery/Desktop/marios_speciality_food_products/config/routes.rb": [
        1,
        1,
        null,
        1,
        1,
        null,
        null
      ],
      "/Users/rikimontgomery/Desktop/marios_speciality_food_products/spec/features/add_review_pages_spec.rb": [
        1,
        null,
        1,
        1,
        1,
        1,
        1,
        1,
        1,
        1,
        1,
        1,
        null,
        null,
        1,
        1,
        1,
        1,
        1,
        1,
        1,
        1,
        1,
        null,
        null
      ],
      "/Users/rikimontgomery/Desktop/marios_speciality_food_products/spec/features/destroy_product_pages_spec.rb": [
        1,
        null,
        1,
        1,
        1,
        1,
        1,
        1,
        null,
        null
      ],
      "/Users/rikimontgomery/Desktop/marios_speciality_food_products/spec/features/destroy_review_pages_spec.rb": [
        1,
        null,
        1,
        1,
        1,
        1,
        1,
        1,
        1,
        null,
        null
      ],
      "/Users/rikimontgomery/Desktop/marios_speciality_food_products/spec/features/edit_product_pages_spec.rb": [
        1,
        null,
        1,
        1,
        1,
        1,
        1,
        1,
        1,
        1,
        1,
        1,
        1,
        null,
        null,
        1,
        1,
        1,
        1,
        1,
        1,
        1,
        1,
        1,
        1,
        null,
        null
      ],
      "/Users/rikimontgomery/Desktop/marios_speciality_food_products/spec/features/edit_review_pages_spec.rb": [
        1,
        null,
        1,
        1,
        1,
        1,
        1,
        1,
        1,
        1,
        1,
        1,
        1,
        null,
        null,
        1,
        1,
        1,
        1,
        1,
        1,
        1,
        1,
        1,
        1,
        null,
        null
      ],
      "/Users/rikimontgomery/Desktop/marios_speciality_food_products/spec/models/product_spec.rb": [
        1,
        null,
        1,
        2,
        2,
        2,
        2,
        2,
        null
      ],
      "/Users/rikimontgomery/Desktop/marios_speciality_food_products/spec/models/review_spec.rb": [
        1,
        null,
        1,
        2,
        2,
        2,
        2,
        2,
        2,
        null
      ]
    },
    "timestamp": 1511851218
  }
}
